
======================================================================
SNN Sequential PC-Only Model Training Started: 2026-01-11 05:23:50
Log file: outputs/snn_sequential_pc_20260111_052350.log
======================================================================


📊 Sequential PC-Only SNN Architecture:
==================================================
   Input: 32 neurons (PC bits only)
   Hidden: 16 LIF neurons
   Output: 2 LIF neurons
   Parameters: 562
   Memory: Maintains neuron state across predictions
✓ Sequential training functions defined
   These functions maintain neuron state across batches

======================================================================
          TRAINING SEQUENTIAL PC-ONLY SNN MODEL
======================================================================
Input features: PC bits only (32 neurons)
Sequence length: 200 batches
State maintenance: ENABLED (neuron memory across predictions)
----------------------------------------------------------------------
Epoch [ 1/5] | Train Loss: 0.3609 | Train Acc: 78.46% | Test Loss: 0.7555 | Test Acc: 64.16%
