
======================================================================
ANN PC-Only Model Training Started: 2026-01-11 05:36:25
Log file: outputs/ann_pc_only_20260111_053625.log
======================================================================

PC-Only Dataset:
  Training shape: (255362, 32)
  Test shape: (63841, 32)
  Training batches: 1996
  Test batches: 499

📊 PC-Only ANN Architecture:
==================================================
   Input: 32 neurons (PC bits only)
   Hidden: 16 neurons (BatchNorm + ReLU + Dropout)
   Output: 2 neurons
   Parameters: 594

======================================================================
                  TRAINING PC-ONLY ANN MODEL
======================================================================
Input features: PC bits only (32 neurons)
----------------------------------------------------------------------
Epoch [ 1/5] | Train Loss: 0.2774 | Train Acc: 88.79% | Test Loss: 0.9285 | Test Acc: 83.79%
Epoch [ 5/5] | Train Loss: 0.2148 | Train Acc: 92.79% | Test Loss: 0.8987 | Test Acc: 82.41%
----------------------------------------------------------------------
✓ PC-Only Model Training Complete!
   Best Test Accuracy: 83.79%
   Final Test Accuracy: 82.41%
data/branch_data_processed_01.csv
