
======================================================================
SNN PC-Only Model Training Started: 2026-01-11 05:38:52
Log file: outputs/snn_pc_only_20260111_053852.log
======================================================================

PC-Only Dataset:
  Training shape: (255362, 32)
  Test shape: (63841, 32)
  Training batches: 1996
  Test batches: 499

📊 PC-Only SNN Architecture:
==================================================
   Input: 32 neurons (PC bits only)
   Hidden: 16 LIF neurons
   Output: 2 LIF neurons
   Parameters: 562

======================================================================
                  TRAINING PC-ONLY SNN MODEL
======================================================================
Input features: PC bits only (32 neurons)
----------------------------------------------------------------------
Epoch [ 1/5] | Train Loss: 0.3281 | Train Acc: 75.82% | Test Loss: 1.0989 | Test Acc: 83.60%
Epoch [ 5/5] | Train Loss: 0.2012 | Train Acc: 88.22% | Test Loss: 0.8581 | Test Acc: 84.98%
----------------------------------------------------------------------
✓ PC-Only Model Training Complete!
   Best Test Accuracy: 84.98%
   Final Test Accuracy: 84.98%
data/branch_data_processed_01.csv
