
======================================================================
SNN PC-Only Model Training Started: 2026-01-11 04:45:03
Log file: outputs/snn_pc_only_20260111_044503.log
======================================================================

PC-Only Dataset:
  Training shape: (280626, 32)
  Test shape: (70157, 32)
  Training batches: 2193
  Test batches: 549

📊 PC-Only SNN Architecture:
==================================================
   Input: 32 neurons (PC bits only)
   Hidden: 16 LIF neurons
   Output: 2 LIF neurons
   Parameters: 562

======================================================================
                  TRAINING PC-ONLY SNN MODEL
======================================================================
Input features: PC bits only (32 neurons)
----------------------------------------------------------------------
Epoch [ 1/5] | Train Loss: 0.4608 | Train Acc: 68.36% | Test Loss: 1.3669 | Test Acc: 65.94%
Epoch [ 5/5] | Train Loss: 0.1679 | Train Acc: 90.08% | Test Loss: 0.8710 | Test Acc: 66.41%
----------------------------------------------------------------------
✓ PC-Only Model Training Complete!
   Best Test Accuracy: 69.26%
   Final Test Accuracy: 66.41%
