
======================================================================
SNN PC-Only Model Training Started: 2026-01-11 04:17:17
Log file: outputs/snn_pc_only_20260111_041717.log
======================================================================

PC-Only Dataset:
  Training shape: (280626, 32)
  Test shape: (70157, 32)
  Training batches: 2193
  Test batches: 549

📊 PC-Only SNN Architecture:
==================================================
   Input: 32 neurons (PC bits only)
   Hidden: 16 LIF neurons
   Output: 2 LIF neurons
   Parameters: 562

======================================================================
                  TRAINING PC-ONLY SNN MODEL
======================================================================
Input features: PC bits only (32 neurons)
----------------------------------------------------------------------
Epoch [ 1/5] | Train Loss: 0.3782 | Train Acc: 70.98% | Test Loss: 0.7802 | Test Acc: 66.28%
Epoch [ 5/5] | Train Loss: 0.1495 | Train Acc: 91.54% | Test Loss: 0.7110 | Test Acc: 63.69%
----------------------------------------------------------------------
✓ PC-Only Model Training Complete!
   Best Test Accuracy: 73.80%
   Final Test Accuracy: 63.69%
